
Showing logs for build [32mdanielma911-python-website-mast-1[0m stage [32mmeta-pipeline[0m and container [32mstep-credential-initializer-xxvm8[0m
{"level":"warn","ts":1567204790.600307,"logger":"fallback-logger","caller":"logging/config.go:69","msg":"Fetch GitHub commit ID from kodata failed: \"ref: refs/heads/master\" is not a valid GitHub commit ID"}
{"level":"info","ts":1567204790.6005692,"logger":"fallback-logger","caller":"creds-init/main.go:40","msg":"Credentials initialized."}

Showing logs for build [32mdanielma911-python-website-mast-1[0m stage [32mmeta-pipeline[0m and container [32mstep-working-dir-initializer-tzjx2[0m
{"level":"warn","ts":1567204797.625113,"logger":"fallback-logger","caller":"logging/config.go:69","msg":"Fetch GitHub commit ID from kodata failed: open /var/run/ko/HEAD: no such file or directory"}
{"level":"info","ts":1567204797.6258817,"logger":"fallback-logger","caller":"bash/main.go:65","msg":"Successfully executed command \"mkdir -p /workspace/source\""}

Showing logs for build [32mdanielma911-python-website-mast-1[0m stage [32mmeta-pipeline[0m and container [32mstep-place-tools[0m

Showing logs for build [32mdanielma911-python-website-mast-1[0m stage [32mmeta-pipeline[0m and container [32mstep-git-source-meta-danielma911-python-website-crh7m[0m
{"level":"warn","ts":1567204859.0846152,"logger":"fallback-logger","caller":"logging/config.go:69","msg":"Fetch GitHub commit ID from kodata failed: \"ref: refs/heads/master\" is not a valid GitHub commit ID"}
{"level":"info","ts":1567204863.4397469,"logger":"fallback-logger","caller":"git/git.go:102","msg":"Successfully cloned https://github.com/danielma911/python-website.git @ ea73a28dda410484e2d3300525b0aad0cedf0a4f in path /workspace/source"}

Showing logs for build [32mdanielma911-python-website-mast-1[0m stage [32mmeta-pipeline[0m and container [32mstep-git-merge[0m
Using SHAs from PULL_REFS=master:ea73a28dda410484e2d3300525b0aad0cedf0a4f
WARNING: no SHAs to merge, falling back to initial cloned commit

Showing logs for build [32mdanielma911-python-website-mast-1[0m stage [32mmeta-pipeline[0m and container [32mstep-merge-pull-refs[0m
SKIP merge-pull-refs: Nothing to merge

Showing logs for build [32mdanielma911-python-website-mast-1[0m stage [32mmeta-pipeline[0m and container [32mstep-create-effective-pipeline[0m
Deleting and cloning the Jenkins X versions repo
Cloning the Jenkins X versions repo https://github.com/jenkins-x/jenkins-x-versions.git with ref refs/heads/master to /builder/home/.**/jenkins-x-versions
Effective pipeline written to jenkins-x-effective.yml

Showing logs for build [32mdanielma911-python-website-mast-1[0m stage [32mmeta-pipeline[0m and container [32mstep-create-tekton-crds[0m
running command: echo \$(**-release-version) > VERSION

running command: ** step tag --version \$(cat VERSION)
Updating chart version in charts/python-website/Chart.yaml to 0.0.1
Updating repository in charts/python-website/values.yaml to 10.104.85.79:5000/danielma911/python-website
Updating tag in charts/python-website/values.yaml to 0.0.1
Tag v0.0.1 created and pushed to remote origin

WARNING: failed to find secret kaniko-secret in namespace **: secrets "kaniko-secret" not found
PipelineActivity for danielma911-python-website-master-1
Applying changes 
upserted PipelineResource danielma911-python-website-mast for the git repository https://github.com/danielma911/python-website.git
upserted Task danielma911-python-website-mast-from-build-pack-1
upserted Pipeline danielma911-python-website-mast-1
created PipelineRun danielma911-python-website-mast-1
created PipelineStructure danielma911-python-website-mast-1

Showing logs for build [32mdanielma911-python-website-mast-1[0m stage [32mfrom-build-pack[0m and container [32mstep-credential-initializer-qdprt[0m
{"level":"warn","ts":1567204886.8886774,"logger":"fallback-logger","caller":"logging/config.go:69","msg":"Fetch GitHub commit ID from kodata failed: \"ref: refs/heads/master\" is not a valid GitHub commit ID"}
{"level":"info","ts":1567204886.8889718,"logger":"fallback-logger","caller":"creds-init/main.go:40","msg":"Credentials initialized."}

Showing logs for build [32mdanielma911-python-website-mast-1[0m stage [32mfrom-build-pack[0m and container [32mstep-working-dir-initializer-mnq2k[0m
{"level":"warn","ts":1567204887.175525,"logger":"fallback-logger","caller":"logging/config.go:69","msg":"Fetch GitHub commit ID from kodata failed: open /var/run/ko/HEAD: no such file or directory"}
{"level":"info","ts":1567204887.1764708,"logger":"fallback-logger","caller":"bash/main.go:65","msg":"Successfully executed command \"mkdir -p /workspace/source /workspace/source/charts/python-website\""}

Showing logs for build [32mdanielma911-python-website-mast-1[0m stage [32mfrom-build-pack[0m and container [32mstep-place-tools[0m

Showing logs for build [32mdanielma911-python-website-mast-1[0m stage [32mfrom-build-pack[0m and container [32mstep-git-source-danielma911-python-website-mast-fcc6s[0m
{"level":"warn","ts":1567204941.2723703,"logger":"fallback-logger","caller":"logging/config.go:69","msg":"Fetch GitHub commit ID from kodata failed: \"ref: refs/heads/master\" is not a valid GitHub commit ID"}
{"level":"info","ts":1567204944.2146683,"logger":"fallback-logger","caller":"git/git.go:102","msg":"Successfully cloned https://github.com/danielma911/python-website.git @ v0.0.1 in path /workspace/source"}

Showing logs for build [32mdanielma911-python-website-mast-1[0m stage [32mfrom-build-pack[0m and container [32mstep-git-merge[0m
Using SHAs from PULL_REFS=master:ea73a28dda410484e2d3300525b0aad0cedf0a4f
WARNING: no SHAs to merge, falling back to initial cloned commit

Showing logs for build [32mdanielma911-python-website-mast-1[0m stage [32mfrom-build-pack[0m and container [32mstep-setup-jx-git-credentials[0m
Generated Git credentials file /workspace/xdg_config/git/credentials

Showing logs for build [32mdanielma911-python-website-mast-1[0m stage [32mfrom-build-pack[0m and container [32mstep-build-python-unittest[0m

----------------------------------------------------------------------
Ran 0 tests in 0.000s

OK

Showing logs for build [32mdanielma911-python-website-mast-1[0m stage [32mfrom-build-pack[0m and container [32mstep-build-container-build[0m
[36mINFO[0m[0000] Downloading base image python:onbuild        
2019/08/30 22:42:24 No matching credentials were found, falling back on anonymous
[36mINFO[0m[0005] Error while retrieving image from cache: getting file info: stat /workspace/sha256:43780a8431c53f4afd734ad795e03127c0c607337a60639c5903a51a03535c22: no such file or directory 
[36mINFO[0m[0005] Downloading base image python:onbuild        
2019/08/30 22:42:30 No matching credentials were found, falling back on anonymous
[36mINFO[0m[0009] Executing 3 build triggers                   
[36mINFO[0m[0009] Using files from context: [/workspace/source/requirements.txt] 
[36mINFO[0m[0009] Checking for cached layer 10.104.85.79:5000/todo/cache:f96ea06eb1dc1e896fb6ba60e374488f43e9918d4fe1cb30c5f26c8dea340a73... 
2019/08/30 22:42:34 No matching credentials were found, falling back on anonymous
[36mINFO[0m[0009] No cached layer found for cmd RUN pip install --no-cache-dir -r requirements.txt 
[36mINFO[0m[0009] Unpacking rootfs as cmd RUN pip install --no-cache-dir -r requirements.txt requires it. 
[36mINFO[0m[0091] Taking snapshot of full filesystem...        
[36mINFO[0m[0094] Using files from context: [/workspace/source/requirements.txt] 
[36mINFO[0m[0094] COPY requirements.txt /usr/src/app/          
[36mINFO[0m[0094] Taking snapshot of files...                  
[36mINFO[0m[0094] RUN pip install --no-cache-dir -r requirements.txt 
[36mINFO[0m[0094] cmd: /bin/sh                                 
[36mINFO[0m[0094] args: [-c pip install --no-cache-dir -r requirements.txt] 
You are using pip version 10.0.1, however version 19.2.3 is available.
You should consider upgrading via the 'pip install --upgrade pip' command.
[36mINFO[0m[0096] Taking snapshot of full filesystem...        
[36mINFO[0m[0099] Using files from context: [/workspace/source] 
[36mINFO[0m[0099] Pushing layer 10.104.85.79:5000/todo/cache:f96ea06eb1dc1e896fb6ba60e374488f43e9918d4fe1cb30c5f26c8dea340a73 to cache now 
2019/08/30 22:44:04 pushed blob: sha256:dd23e841009996444e996abddd5abca119e0fd27df59e59bd0e72003bc69b269
[36mINFO[0m[0099] COPY . /usr/src/app                          
[36mINFO[0m[0099] Taking snapshot of files...                  
[36mINFO[0m[0099] Using files from context: [/workspace/source/requirements.txt] 
[36mINFO[0m[0099] COPY requirements.txt .                      
[36mINFO[0m[0099] Taking snapshot of files...                  
[36mINFO[0m[0099] ENV PORT 8080                                
[36mINFO[0m[0099] No files changed in this command, skipping snapshotting. 
[36mINFO[0m[0099] EXPOSE 8080                                  
[36mINFO[0m[0099] cmd: EXPOSE                                  
[36mINFO[0m[0099] Adding exposed port: 8080/tcp                
[36mINFO[0m[0099] No files changed in this command, skipping snapshotting. 
[36mINFO[0m[0099] ENTRYPOINT ["python"]                        
[36mINFO[0m[0099] No files changed in this command, skipping snapshotting. 
[36mINFO[0m[0099] CMD ["app.py"]                               
[36mINFO[0m[0099] No files changed in this command, skipping snapshotting. 
2019/08/30 22:44:04 pushed blob: sha256:10988c307622d1409d9b6cb5390d8345c62c252dc908efff9096dd2816d3d068
2019/08/30 22:44:04 10.104.85.79:5000/todo/cache:f96ea06eb1dc1e896fb6ba60e374488f43e9918d4fe1cb30c5f26c8dea340a73: digest: sha256:5a7c3755cbf1e2b349ce35106c69ba213e34e6639053a449bf18bb0b27b094b1 size: 428
2019/08/30 22:44:04 pushed blob: sha256:e20d71fd6c92fbc3bc59fd3fedbcfc160efffe889ff77ef29905374b31fe22a4
2019/08/30 22:44:04 pushed blob: sha256:30a7093805d653b60f08a23fdf42449c08e19b2d41445ec460356ce2eb1f0ef6
2019/08/30 22:44:04 pushed blob: sha256:4f29c0c9231dc600ac806dabdebf64929454679aa80eb8daa6bafb2f00eb1e89
2019/08/30 22:44:04 pushed blob: sha256:4b517a6d638d29365ee2ba22b005cf8f44c363034ee206f5fb9f0f40b2708735
2019/08/30 22:44:04 pushed blob: sha256:10988c307622d1409d9b6cb5390d8345c62c252dc908efff9096dd2816d3d068
2019/08/30 22:44:08 pushed blob: sha256:e2c0fb34dff3a1d32346b92e53fb88a14d1987b402a2348cb379c039687fabe2
2019/08/30 22:44:08 pushed blob: sha256:490280dbcfb772eb5731f059e38fcfacaeb75b4d005af7c249fd51926db2bd62
2019/08/30 22:44:13 pushed blob: sha256:e96bc319bce0351d1157092352bc5f85f8800c745388e60e86d06dec99285b45
2019/08/30 22:44:17 pushed blob: sha256:2d21c767035c4593de8bf7ad9781aa83ba110871d1a50871192f4e3480e6f11d
2019/08/30 22:44:44 pushed blob: sha256:ece825d3308bbf98f708d95475ccd880497a1e2979ff4ef2534d49049a18488f
2019/08/30 22:44:55 pushed blob: sha256:e10b68fb77e6e91453cd4c1b02e2d77aa23a857cd8eb250617129d074478e1a5
2019/08/30 22:45:28 pushed blob: sha256:06854774e2f35e4763103a446112c67322913a6177bea69eb49663e0166e6d6d
2019/08/30 22:45:37 pushed blob: sha256:1c7fe136a31e13a1c879245672184ced3b9fc590989ba42a522a57b071a9c1aa
2019/08/30 22:46:06 pushed blob: sha256:f0db43b9b8da254cebc77bf871006df01219e195b9853616b9f708f124a00f3a
2019/08/30 22:46:06 10.104.85.79:5000/danielma911/python-website:0.0.1: digest: sha256:e419e1e7720058fb0413ca803239de79d30e5f81aa2613817befa6572d4946d4 size: 2385

Showing logs for build [32mdanielma911-python-website-mast-1[0m stage [32mfrom-build-pack[0m and container [32mstep-build-post-build[0m
no CVE provider running in the current ** namespace so skip adding image to be analysed

Showing logs for build [32mdanielma911-python-website-mast-1[0m stage [32mfrom-build-pack[0m and container [32mstep-promote-changelog[0m
Converted /workspace/source/charts/python-website to an unshallow repository
no previous commit version found so change diff unavailable

Showing logs for build [32mdanielma911-python-website-mast-1[0m stage [32mfrom-build-pack[0m and container [32mstep-promote-helm-release[0m
WARNING: No $CHART_REPOSITORY defined so using the default value of: http://jenkins-x-chartmuseum:8080
Adding missing Helm repo: storage.googleapis.com https://storage.googleapis.com/chartmuseum.jenkins-x.io
Successfully added Helm repository storage.googleapis.com.
Adding missing Helm repo: jenkins-x-chartmuseum http://jenkins-x-chartmuseum:8080
Successfully added Helm repository jenkins-x-chartmuseum.
WARNING: No $CHART_REPOSITORY defined so using the default value of: http://jenkins-x-chartmuseum:8080
Uploading chart file python-website-0.0.1.tgz to http://jenkins-x-chartmuseum:8080/api/charts
Received 201 response: {"saved":true}

Showing logs for build [32mdanielma911-python-website-mast-1[0m stage [32mfrom-build-pack[0m and container [32mstep-promote-jx-promote[0m
WARNING: prow based install so skip waiting for the merge of Pull Requests to go green as currently there is an issue with gettingstatuses from the PR, see https://github.com/jenkins-x/**/issues/2410
Promoting app python-website version 0.0.1 to namespace **-staging
WARNING: Waiting for the fork of ************************/environment-touchwheat-staging to appear...
error: pulling environment repo https://github.com/danielma911/environment-touchwheat-staging.git into /builder/home/.**/environments: failed to fork GitHub repo danielma911/environment-touchwheat-staging to user ************************: gave up waiting for Repository ************************/environment-touchwheat-staging to appear: GET https://api.github.com/repos/************************/environment-touchwheat-staging: 404 Not Found []
[31m
Pipeline failed on stage 'from-build-pack' : container 'step-promote-jx-promote'. The execution of the pipeline has stopped.[0m
